  Unic_Sweets.cpp
E:\FMI2\SDA\D7\Unic_Sweets\Unic_Sweets.cpp(44,38): warning C4244: '=': conversion from '__int64' to '_Ty2', possible loss of data
          with
          [
              _Ty2=int
          ]
E:\FMI2\SDA\D7\Unic_Sweets\Unic_Sweets.cpp(49,40): warning C4244: '=': conversion from '__int64' to 'int', possible loss of data
E:\FMI2\SDA\D7\Unic_Sweets\Unic_Sweets.cpp(50,38): warning C4244: '=': conversion from '__int64' to '_Ty2', possible loss of data
          with
          [
              _Ty2=int
          ]
E:\FMI2\SDA\D7\Unic_Sweets\Unic_Sweets.cpp(64,33): warning C4018: '<': signed/unsigned mismatch
E:\Visual Studio\Visual Studio IDE\VC\Tools\MSVC\14.33.31629\include\utility(190,54): warning C4244: 'initializing': conversion from '_Ty' to '_Ty2', possible loss of data
          with
          [
              _Ty=__int64
          ]
          and
          [
              _Ty2=int
          ]
E:\FMI2\SDA\D7\Unic_Sweets\Unic_Sweets.cpp(55): message : see reference to function template instantiation 'std::pair<const __int64,int>::pair<_Ty&,__int64,0>(_Other1,_Other2 &&) noexcept' being compiled
          with
          [
              _Ty=__int64,
              _Other1=__int64 &,
              _Other2=__int64
          ]
E:\FMI2\SDA\D7\Unic_Sweets\Unic_Sweets.cpp(55): message : see reference to function template instantiation 'std::pair<const __int64,int>::pair<_Ty&,__int64,0>(_Other1,_Other2 &&) noexcept' being compiled
          with
          [
              _Ty=__int64,
              _Other1=__int64 &,
              _Other2=__int64
          ]
  Unic_Sweets.vcxproj -> E:\FMI2\SDA\D7\Unic_Sweets\x64\Debug\Unic_Sweets.exe
